time="2022-08-03T14:28:11+05:00" level=info msg="initializing postgres config..." func="my_project/internal/project.NewProject()" file="/home/ata/my_project/app/internal/project/project.go:13"
time="2022-08-03T14:28:11+05:00" level=info msg="connecting to postgres database..." func="my_project/internal/project.NewProject()" file="/home/ata/my_project/app/internal/project/project.go:16"
time="2022-08-03T14:28:11+05:00" level=info msg="initializing redis config..." func="my_project/internal/project.NewProject()" file="/home/ata/my_project/app/internal/project/project.go:23"
time="2022-08-03T14:28:11+05:00" level=info msg="connecting to redis database..." func="my_project/internal/project.NewProject()" file="/home/ata/my_project/app/internal/project/project.go:26"
time="2022-08-03T14:33:23+05:00" level=info msg="initializing postgres config..." func="my_project/internal/project.NewProject()" file="/home/ata/my_project/app/internal/project/project.go:14"
time="2022-08-03T14:33:23+05:00" level=info msg="connecting to postgres database..." func="my_project/internal/project.NewProject()" file="/home/ata/my_project/app/internal/project/project.go:17"
time="2022-08-03T14:33:23+05:00" level=info msg="initializing redis config..." func="my_project/internal/project.NewProject()" file="/home/ata/my_project/app/internal/project/project.go:24"
time="2022-08-03T14:33:23+05:00" level=info msg="connecting to redis database..." func="my_project/internal/project.NewProject()" file="/home/ata/my_project/app/internal/project/project.go:27"
time="2022-08-03T14:33:23+05:00" level=info msg="setting up all repository, service, controller..." func="my_project/internal/project.NewProject()" file="/home/ata/my_project/app/internal/project/project.go:32"
time="2022-08-03T16:33:26+05:00" level=info msg="initializing postgres config..." func="main.main()" file="/home/ata/my_project/app/cmd/project/main.go:17"
time="2022-08-03T16:33:26+05:00" level=info msg="connecting to postgres database..." func="main.main()" file="/home/ata/my_project/app/cmd/project/main.go:20"
time="2022-08-03T16:33:26+05:00" level=info msg="initializing redis config..." func="main.main()" file="/home/ata/my_project/app/cmd/project/main.go:27"
time="2022-08-03T16:33:26+05:00" level=info msg="connecting to redis database..." func="main.main()" file="/home/ata/my_project/app/cmd/project/main.go:30"
time="2022-08-03T16:33:26+05:00" level=info msg="setting up all repository, service, controller..." func="main.main()" file="/home/ata/my_project/app/cmd/project/main.go:35"
time="2022-08-03T16:41:00+05:00" level=info msg="initializing postgres config..." func="main.main()" file="/home/ata/my_project/app/cmd/project/main.go:17"
time="2022-08-03T16:41:00+05:00" level=info msg="connecting to postgres database..." func="main.main()" file="/home/ata/my_project/app/cmd/project/main.go:20"
time="2022-08-03T16:41:00+05:00" level=info msg="initializing redis config..." func="main.main()" file="/home/ata/my_project/app/cmd/project/main.go:27"
time="2022-08-03T16:41:00+05:00" level=info msg="connecting to redis database..." func="main.main()" file="/home/ata/my_project/app/cmd/project/main.go:30"
time="2022-08-03T16:41:00+05:00" level=info msg="setting up all repository, service, controller..." func="main.main()" file="/home/ata/my_project/app/cmd/project/main.go:35"
time="2022-08-03T16:41:31+05:00" level=info msg="initializing postgres config..." func="main.main()" file="/home/ata/my_project/app/cmd/project/main.go:17"
time="2022-08-03T16:41:31+05:00" level=info msg="connecting to postgres database..." func="main.main()" file="/home/ata/my_project/app/cmd/project/main.go:20"
time="2022-08-03T16:41:31+05:00" level=info msg="initializing redis config..." func="main.main()" file="/home/ata/my_project/app/cmd/project/main.go:27"
time="2022-08-03T16:41:31+05:00" level=info msg="connecting to redis database..." func="main.main()" file="/home/ata/my_project/app/cmd/project/main.go:30"
time="2022-08-03T16:41:31+05:00" level=info msg="setting up all repository, service, controller..." func="main.main()" file="/home/ata/my_project/app/cmd/project/main.go:35"
time="2022-08-03T16:55:07+05:00" level=info msg="initializing postgres config..." func="main.main()" file="/home/ata/my_project/app/cmd/project/main.go:17"
time="2022-08-03T16:55:07+05:00" level=info msg="connecting to postgres database..." func="main.main()" file="/home/ata/my_project/app/cmd/project/main.go:20"
time="2022-08-03T16:55:07+05:00" level=info msg="setting up all repository, service, controller..." func="main.main()" file="/home/ata/my_project/app/cmd/project/main.go:33"
time="2022-08-03T16:55:07+05:00" level=info msg="initializing a new app..." func="main.main()" file="/home/ata/my_project/app/cmd/project/main.go:37"
time="2022-08-03T16:56:35+05:00" level=info msg="initializing postgres config..." func="main.main()" file="/home/ata/my_project/app/cmd/project/main.go:17"
time="2022-08-03T16:56:35+05:00" level=info msg="connecting to postgres database..." func="main.main()" file="/home/ata/my_project/app/cmd/project/main.go:20"
time="2022-08-03T16:56:35+05:00" level=info msg="setting up all repository, service, controller..." func="main.main()" file="/home/ata/my_project/app/cmd/project/main.go:33"
time="2022-08-03T16:56:35+05:00" level=info msg="initializing a new app..." func="main.main()" file="/home/ata/my_project/app/cmd/project/main.go:37"
time="2022-08-03T16:59:48+05:00" level=info msg="initializing postgres config..." func="main.main()" file="/home/ata/my_project/app/cmd/project/main.go:17"
time="2022-08-03T16:59:48+05:00" level=info msg="connecting to postgres database..." func="main.main()" file="/home/ata/my_project/app/cmd/project/main.go:20"
time="2022-08-03T16:59:48+05:00" level=info msg="setting up all repository, service, controller..." func="main.main()" file="/home/ata/my_project/app/cmd/project/main.go:33"
time="2022-08-03T16:59:48+05:00" level=info msg="initializing a new app..." func="main.main()" file="/home/ata/my_project/app/cmd/project/main.go:37"
time="2022-08-03T17:00:14+05:00" level=info msg="initializing postgres config..." func="main.main()" file="/home/ata/my_project/app/cmd/project/main.go:17"
time="2022-08-03T17:00:14+05:00" level=info msg="connecting to postgres database..." func="main.main()" file="/home/ata/my_project/app/cmd/project/main.go:20"
time="2022-08-03T17:00:14+05:00" level=info msg="setting up all repository, service, controller..." func="main.main()" file="/home/ata/my_project/app/cmd/project/main.go:33"
time="2022-08-03T17:00:14+05:00" level=info msg="initializing a new app..." func="main.main()" file="/home/ata/my_project/app/cmd/project/main.go:37"
time="2022-08-03T17:14:06+05:00" level=info msg="initializing postgres config..." func="main.main()" file="/home/ata/my_project/app/cmd/project/main.go:17"
time="2022-08-03T17:14:06+05:00" level=info msg="connecting to postgres database..." func="main.main()" file="/home/ata/my_project/app/cmd/project/main.go:20"
time="2022-08-03T17:14:06+05:00" level=info msg="setting up all repository, service, controller..." func="main.main()" file="/home/ata/my_project/app/cmd/project/main.go:33"
time="2022-08-03T17:14:06+05:00" level=info msg="initializing a new app..." func="main.main()" file="/home/ata/my_project/app/cmd/project/main.go:37"
time="2022-08-03T17:15:19+05:00" level=error msg="Cannot POST /api/portal/login" func="my_project/internal/app.NewApp.func1()" file="/home/ata/my_project/app/internal/app/app.go:25" baseUrl="localhost:3000/api/portal/login?API-KEY=E95E931F2187AF77157139B36137F" user=
time="2022-08-03T17:15:34+05:00" level=error msg="Cannot POST /api/portal/auth/login" func="my_project/internal/app.NewApp.func1()" file="/home/ata/my_project/app/internal/app/app.go:25" baseUrl="localhost:3000/api/portal/auth/login?API-KEY=E95E931F2187AF77157139B36137F" user=
time="2022-08-03T17:16:06+05:00" level=error msg="Cannot POST /api/portal/auth/login" func="my_project/internal/app.NewApp.func1()" file="/home/ata/my_project/app/internal/app/app.go:25" baseUrl="localhost:3000/api/portal/auth/login" user=
time="2022-08-03T17:18:03+05:00" level=info msg="initializing postgres config..." func="main.main()" file="/home/ata/my_project/app/cmd/project/main.go:17"
time="2022-08-03T17:18:03+05:00" level=info msg="connecting to postgres database..." func="main.main()" file="/home/ata/my_project/app/cmd/project/main.go:20"
time="2022-08-03T17:18:03+05:00" level=info msg="setting up all repository, service, controller..." func="main.main()" file="/home/ata/my_project/app/cmd/project/main.go:33"
time="2022-08-03T17:18:03+05:00" level=info msg="initializing a new app..." func="main.main()" file="/home/ata/my_project/app/cmd/project/main.go:37"
time="2022-08-03T17:18:31+05:00" level=info msg="initializing postgres config..." func="main.main()" file="/home/ata/my_project/app/cmd/project/main.go:17"
time="2022-08-03T17:18:31+05:00" level=info msg="connecting to postgres database..." func="main.main()" file="/home/ata/my_project/app/cmd/project/main.go:20"
time="2022-08-03T17:18:31+05:00" level=info msg="setting up all repository, service, controller..." func="main.main()" file="/home/ata/my_project/app/cmd/project/main.go:33"
time="2022-08-03T17:18:31+05:00" level=info msg="initializing a new app..." func="main.main()" file="/home/ata/my_project/app/cmd/project/main.go:37"
time="2022-08-03T17:18:34+05:00" level=error msg="Cannot POST /api/portal/auth/login" func="my_project/internal/app.NewApp.func1()" file="/home/ata/my_project/app/internal/app/app.go:25" baseUrl="localhost:3000/api/portal/auth/login" user=
time="2022-08-03T17:19:05+05:00" level=error msg="Cannot GET /" func="my_project/internal/app.NewApp.func1()" file="/home/ata/my_project/app/internal/app/app.go:25" baseUrl="localhost:3000/" user=
time="2022-08-03T17:19:31+05:00" level=error msg="Cannot POST /api/portal/login" func="my_project/internal/app.NewApp.func1()" file="/home/ata/my_project/app/internal/app/app.go:25" baseUrl="localhost:3000/api/portal/login" user=
time="2022-08-03T17:22:47+05:00" level=info msg="initializing postgres config..." func="main.main()" file="/home/ata/my_project/app/cmd/project/main.go:17"
time="2022-08-03T17:22:47+05:00" level=info msg="connecting to postgres database..." func="main.main()" file="/home/ata/my_project/app/cmd/project/main.go:20"
time="2022-08-03T17:22:47+05:00" level=info msg="setting up all repository, service, controller..." func="main.main()" file="/home/ata/my_project/app/cmd/project/main.go:33"
time="2022-08-03T17:22:47+05:00" level=info msg="initializing a new app..." func="main.main()" file="/home/ata/my_project/app/cmd/project/main.go:37"
time="2022-08-03T17:23:04+05:00" level=error msg="Cannot POST /admin/login" func="my_project/internal/app.NewApp.func1()" file="/home/ata/my_project/app/internal/app/app.go:25" baseUrl="localhost:3000/admin/login" user=
time="2022-08-03T17:25:14+05:00" level=info msg="initializing postgres config..." func="main.main()" file="/home/ata/my_project/app/cmd/project/main.go:17"
time="2022-08-03T17:25:14+05:00" level=info msg="connecting to postgres database..." func="main.main()" file="/home/ata/my_project/app/cmd/project/main.go:20"
time="2022-08-03T17:25:14+05:00" level=info msg="setting up all repository, service, controller..." func="main.main()" file="/home/ata/my_project/app/cmd/project/main.go:33"
time="2022-08-03T17:25:14+05:00" level=info msg="initializing a new app..." func="main.main()" file="/home/ata/my_project/app/cmd/project/main.go:37"
time="2022-08-03T17:25:30+05:00" level=error msg="Cannot GET /login" func="my_project/internal/app.NewApp.func1()" file="/home/ata/my_project/app/internal/app/app.go:25" baseUrl="localhost:3000/login" user=
time="2022-08-03T17:25:59+05:00" level=info msg="initializing postgres config..." func="main.main()" file="/home/ata/my_project/app/cmd/project/main.go:17"
time="2022-08-03T17:25:59+05:00" level=info msg="connecting to postgres database..." func="main.main()" file="/home/ata/my_project/app/cmd/project/main.go:20"
time="2022-08-03T17:25:59+05:00" level=info msg="setting up all repository, service, controller..." func="main.main()" file="/home/ata/my_project/app/cmd/project/main.go:33"
time="2022-08-03T17:25:59+05:00" level=info msg="initializing a new app..." func="main.main()" file="/home/ata/my_project/app/cmd/project/main.go:37"
time="2022-08-03T17:26:03+05:00" level=error msg="Cannot GET /login" func="my_project/internal/app.NewApp.func1()" file="/home/ata/my_project/app/internal/app/app.go:25" baseUrl="127.0.0.1:3000/login" user=
time="2022-08-03T17:26:06+05:00" level=error msg="Cannot GET /login" func="my_project/internal/app.NewApp.func1()" file="/home/ata/my_project/app/internal/app/app.go:25" baseUrl="127.0.0.1:3000/login" user=
time="2022-08-03T17:26:20+05:00" level=info msg="initializing postgres config..." func="main.main()" file="/home/ata/my_project/app/cmd/project/main.go:17"
time="2022-08-03T17:26:20+05:00" level=info msg="connecting to postgres database..." func="main.main()" file="/home/ata/my_project/app/cmd/project/main.go:20"
time="2022-08-03T17:26:20+05:00" level=info msg="setting up all repository, service, controller..." func="main.main()" file="/home/ata/my_project/app/cmd/project/main.go:33"
time="2022-08-03T17:26:20+05:00" level=info msg="initializing a new app..." func="main.main()" file="/home/ata/my_project/app/cmd/project/main.go:37"
time="2022-08-03T17:27:19+05:00" level=info msg="initializing postgres config..." func="main.main()" file="/home/ata/my_project/app/cmd/project/main.go:17"
time="2022-08-03T17:27:19+05:00" level=info msg="connecting to postgres database..." func="main.main()" file="/home/ata/my_project/app/cmd/project/main.go:20"
time="2022-08-03T17:27:19+05:00" level=info msg="setting up all repository, service, controller..." func="main.main()" file="/home/ata/my_project/app/cmd/project/main.go:33"
time="2022-08-03T17:27:19+05:00" level=info msg="initializing a new app..." func="main.main()" file="/home/ata/my_project/app/cmd/project/main.go:37"
time="2022-08-03T17:27:23+05:00" level=error msg="Cannot GET /login" func="my_project/internal/app.NewApp.func1()" file="/home/ata/my_project/app/internal/app/app.go:23" baseUrl="127.0.0.1:3000/login" user=
time="2022-08-03T17:27:52+05:00" level=info msg="initializing postgres config..." func="main.main()" file="/home/ata/my_project/app/cmd/project/main.go:17"
time="2022-08-03T17:27:52+05:00" level=info msg="connecting to postgres database..." func="main.main()" file="/home/ata/my_project/app/cmd/project/main.go:20"
time="2022-08-03T17:27:52+05:00" level=info msg="setting up all repository, service, controller..." func="main.main()" file="/home/ata/my_project/app/cmd/project/main.go:33"
time="2022-08-03T17:27:52+05:00" level=info msg="initializing a new app..." func="main.main()" file="/home/ata/my_project/app/cmd/project/main.go:37"
time="2022-08-03T17:27:54+05:00" level=error msg="Cannot GET /login" func="my_project/internal/app.NewApp.func1()" file="/home/ata/my_project/app/internal/app/app.go:23" baseUrl="127.0.0.1:3000/login" user=
time="2022-08-03T17:39:18+05:00" level=info msg="initializing postgres config..." func="main.main()" file="/home/ata/my_project/app/cmd/project/main.go:17"
time="2022-08-03T17:39:18+05:00" level=info msg="connecting to postgres database..." func="main.main()" file="/home/ata/my_project/app/cmd/project/main.go:20"
time="2022-08-03T17:39:18+05:00" level=info msg="setting up all repository, service, controller..." func="main.main()" file="/home/ata/my_project/app/cmd/project/main.go:33"
time="2022-08-03T17:39:18+05:00" level=info msg="initializing a new app..." func="main.main()" file="/home/ata/my_project/app/cmd/project/main.go:37"
time="2022-08-03T17:42:33+05:00" level=info msg="initializing postgres config..." func="main.main()" file="/home/ata/my_project/app/cmd/project/main.go:17"
time="2022-08-03T17:42:33+05:00" level=info msg="connecting to postgres database..." func="main.main()" file="/home/ata/my_project/app/cmd/project/main.go:20"
time="2022-08-03T17:42:33+05:00" level=info msg="setting up all repository, service, controller..." func="main.main()" file="/home/ata/my_project/app/cmd/project/main.go:33"
time="2022-08-03T17:42:33+05:00" level=info msg="initializing a new app..." func="main.main()" file="/home/ata/my_project/app/cmd/project/main.go:37"
time="2022-08-04T10:23:38+05:00" level=info msg="initializing postgres config..." func="main.main()" file="/home/ata/my_project/app/cmd/project/main.go:18"
time="2022-08-04T10:23:38+05:00" level=info msg="connecting to postgres database..." func="main.main()" file="/home/ata/my_project/app/cmd/project/main.go:21"
time="2022-08-04T10:23:38+05:00" level=info msg="initializing redis config..." func="main.main()" file="/home/ata/my_project/app/cmd/project/main.go:28"
time="2022-08-04T10:23:38+05:00" level=info msg="connecting to redis database..." func="main.main()" file="/home/ata/my_project/app/cmd/project/main.go:31"
time="2022-08-04T10:23:38+05:00" level=info msg="setting up all repository, service, controller..." func="main.main()" file="/home/ata/my_project/app/cmd/project/main.go:34"
time="2022-08-04T10:23:38+05:00" level=info msg="initializing a new app..." func="main.main()" file="/home/ata/my_project/app/cmd/project/main.go:38"
time="2022-08-04T10:26:57+05:00" level=info msg="initializing postgres config..." func="main.main()" file="/home/ata/my_project/app/cmd/project/main.go:18"
time="2022-08-04T10:26:57+05:00" level=info msg="connecting to postgres database..." func="main.main()" file="/home/ata/my_project/app/cmd/project/main.go:21"
time="2022-08-04T10:26:57+05:00" level=info msg="initializing redis config..." func="main.main()" file="/home/ata/my_project/app/cmd/project/main.go:28"
time="2022-08-04T10:26:57+05:00" level=info msg="connecting to redis database..." func="main.main()" file="/home/ata/my_project/app/cmd/project/main.go:31"
time="2022-08-04T10:26:57+05:00" level=info msg="setting up all repository, service, controller..." func="main.main()" file="/home/ata/my_project/app/cmd/project/main.go:34"
time="2022-08-04T10:26:57+05:00" level=info msg="initializing a new app..." func="main.main()" file="/home/ata/my_project/app/cmd/project/main.go:38"
time="2022-08-04T11:13:33+05:00" level=info msg="initializing postgres config..." func="main.main()" file="/home/ata/my_project/app/cmd/project/main.go:18"
time="2022-08-04T11:13:33+05:00" level=info msg="connecting to postgres database..." func="main.main()" file="/home/ata/my_project/app/cmd/project/main.go:21"
time="2022-08-04T11:13:33+05:00" level=info msg="initializing redis config..." func="main.main()" file="/home/ata/my_project/app/cmd/project/main.go:28"
time="2022-08-04T11:13:33+05:00" level=info msg="connecting to redis database..." func="main.main()" file="/home/ata/my_project/app/cmd/project/main.go:31"
time="2022-08-04T11:13:33+05:00" level=info msg="setting up all repository, service, controller..." func="main.main()" file="/home/ata/my_project/app/cmd/project/main.go:34"
time="2022-08-04T11:13:33+05:00" level=info msg="initializing a new app..." func="main.main()" file="/home/ata/my_project/app/cmd/project/main.go:38"
time="2022-08-04T11:39:00+05:00" level=info msg="initializing postgres config..." func="main.main()" file="/home/ata/my_project/app/cmd/project/main.go:18"
time="2022-08-04T11:39:00+05:00" level=info msg="connecting to postgres database..." func="main.main()" file="/home/ata/my_project/app/cmd/project/main.go:21"
time="2022-08-04T11:39:00+05:00" level=info msg="initializing redis config..." func="main.main()" file="/home/ata/my_project/app/cmd/project/main.go:28"
time="2022-08-04T11:39:00+05:00" level=info msg="connecting to redis database..." func="main.main()" file="/home/ata/my_project/app/cmd/project/main.go:31"
time="2022-08-04T11:39:00+05:00" level=info msg="setting up all repository, service, controller..." func="main.main()" file="/home/ata/my_project/app/cmd/project/main.go:34"
time="2022-08-04T11:39:00+05:00" level=info msg="initializing a new app..." func="main.main()" file="/home/ata/my_project/app/cmd/project/main.go:38"
time="2022-08-04T11:40:07+05:00" level=info msg="initializing postgres config..." func="main.main()" file="/home/ata/my_project/app/cmd/project/main.go:18"
time="2022-08-04T11:40:07+05:00" level=info msg="connecting to postgres database..." func="main.main()" file="/home/ata/my_project/app/cmd/project/main.go:21"
time="2022-08-04T11:40:07+05:00" level=info msg="initializing redis config..." func="main.main()" file="/home/ata/my_project/app/cmd/project/main.go:28"
time="2022-08-04T11:40:07+05:00" level=info msg="connecting to redis database..." func="main.main()" file="/home/ata/my_project/app/cmd/project/main.go:31"
time="2022-08-04T11:40:07+05:00" level=info msg="setting up all repository, service, controller..." func="main.main()" file="/home/ata/my_project/app/cmd/project/main.go:34"
time="2022-08-04T11:40:07+05:00" level=info msg="initializing a new app..." func="main.main()" file="/home/ata/my_project/app/cmd/project/main.go:38"
time="2022-08-04T12:20:21+05:00" level=info msg="initializing postgres config..." func="main.main()" file="/home/ata/my_project/app/cmd/project/main.go:18"
time="2022-08-04T12:20:21+05:00" level=info msg="connecting to postgres database..." func="main.main()" file="/home/ata/my_project/app/cmd/project/main.go:21"
time="2022-08-04T12:20:21+05:00" level=info msg="initializing redis config..." func="main.main()" file="/home/ata/my_project/app/cmd/project/main.go:28"
time="2022-08-04T12:20:21+05:00" level=info msg="connecting to redis database..." func="main.main()" file="/home/ata/my_project/app/cmd/project/main.go:31"
time="2022-08-04T12:20:21+05:00" level=info msg="setting up all repository, service, controller..." func="main.main()" file="/home/ata/my_project/app/cmd/project/main.go:34"
time="2022-08-04T12:20:21+05:00" level=info msg="initializing a new app..." func="main.main()" file="/home/ata/my_project/app/cmd/project/main.go:38"
time="2022-08-04T12:26:17+05:00" level=info msg="initializing postgres config..." func="main.main()" file="/home/ata/my_project/app/cmd/project/main.go:18"
time="2022-08-04T12:26:17+05:00" level=info msg="connecting to postgres database..." func="main.main()" file="/home/ata/my_project/app/cmd/project/main.go:21"
time="2022-08-04T12:26:17+05:00" level=info msg="initializing redis config..." func="main.main()" file="/home/ata/my_project/app/cmd/project/main.go:28"
time="2022-08-04T12:26:17+05:00" level=info msg="connecting to redis database..." func="main.main()" file="/home/ata/my_project/app/cmd/project/main.go:31"
time="2022-08-04T12:26:17+05:00" level=info msg="setting up all repository, service, controller..." func="main.main()" file="/home/ata/my_project/app/cmd/project/main.go:34"
time="2022-08-04T12:26:17+05:00" level=info msg="initializing a new app..." func="main.main()" file="/home/ata/my_project/app/cmd/project/main.go:38"
time="2022-08-04T15:06:14+05:00" level=info msg="initializing postgres config..." func="main.main()" file="/home/ata/my_project/app/cmd/project/main.go:18"
time="2022-08-04T15:06:14+05:00" level=info msg="connecting to postgres database..." func="main.main()" file="/home/ata/my_project/app/cmd/project/main.go:21"
time="2022-08-04T15:06:14+05:00" level=info msg="initializing redis config..." func="main.main()" file="/home/ata/my_project/app/cmd/project/main.go:28"
time="2022-08-04T15:06:14+05:00" level=info msg="connecting to redis database..." func="main.main()" file="/home/ata/my_project/app/cmd/project/main.go:31"
time="2022-08-04T15:06:14+05:00" level=info msg="setting up all repository, service, controller..." func="main.main()" file="/home/ata/my_project/app/cmd/project/main.go:34"
time="2022-08-04T15:06:14+05:00" level=info msg="initializing a new app..." func="main.main()" file="/home/ata/my_project/app/cmd/project/main.go:38"
time="2022-08-04T15:07:33+05:00" level=info msg="initializing postgres config..." func="main.main()" file="/home/ata/my_project/app/cmd/project/main.go:18"
time="2022-08-04T15:07:33+05:00" level=info msg="connecting to postgres database..." func="main.main()" file="/home/ata/my_project/app/cmd/project/main.go:21"
time="2022-08-04T15:07:33+05:00" level=info msg="initializing redis config..." func="main.main()" file="/home/ata/my_project/app/cmd/project/main.go:28"
time="2022-08-04T15:07:33+05:00" level=info msg="connecting to redis database..." func="main.main()" file="/home/ata/my_project/app/cmd/project/main.go:31"
time="2022-08-04T15:07:33+05:00" level=info msg="setting up all repository, service, controller..." func="main.main()" file="/home/ata/my_project/app/cmd/project/main.go:34"
time="2022-08-04T15:07:33+05:00" level=info msg="initializing a new app..." func="main.main()" file="/home/ata/my_project/app/cmd/project/main.go:38"
time="2022-08-04T15:08:00+05:00" level=info msg="initializing postgres config..." func="main.main()" file="/home/ata/my_project/app/cmd/project/main.go:18"
time="2022-08-04T15:08:00+05:00" level=info msg="connecting to postgres database..." func="main.main()" file="/home/ata/my_project/app/cmd/project/main.go:21"
time="2022-08-04T15:08:00+05:00" level=info msg="initializing redis config..." func="main.main()" file="/home/ata/my_project/app/cmd/project/main.go:28"
time="2022-08-04T15:08:00+05:00" level=info msg="connecting to redis database..." func="main.main()" file="/home/ata/my_project/app/cmd/project/main.go:31"
time="2022-08-04T15:08:00+05:00" level=info msg="setting up all repository, service, controller..." func="main.main()" file="/home/ata/my_project/app/cmd/project/main.go:34"
time="2022-08-04T15:08:00+05:00" level=info msg="initializing a new app..." func="main.main()" file="/home/ata/my_project/app/cmd/project/main.go:38"
time="2022-08-04T15:11:35+05:00" level=info msg="initializing postgres config..." func="main.main()" file="/home/ata/my_project/app/cmd/project/main.go:18"
time="2022-08-04T15:11:35+05:00" level=info msg="connecting to postgres database..." func="main.main()" file="/home/ata/my_project/app/cmd/project/main.go:21"
time="2022-08-04T15:11:35+05:00" level=info msg="initializing redis config..." func="main.main()" file="/home/ata/my_project/app/cmd/project/main.go:28"
time="2022-08-04T15:11:35+05:00" level=info msg="connecting to redis database..." func="main.main()" file="/home/ata/my_project/app/cmd/project/main.go:31"
time="2022-08-04T15:11:35+05:00" level=info msg="setting up all repository, service, controller..." func="main.main()" file="/home/ata/my_project/app/cmd/project/main.go:34"
time="2022-08-04T15:11:35+05:00" level=info msg="initializing a new app..." func="main.main()" file="/home/ata/my_project/app/cmd/project/main.go:38"
time="2022-08-04T15:20:01+05:00" level=info msg="initializing postgres config..." func="main.main()" file="/home/ata/my_project/app/cmd/project/main.go:18"
time="2022-08-04T15:20:01+05:00" level=info msg="connecting to postgres database..." func="main.main()" file="/home/ata/my_project/app/cmd/project/main.go:21"
time="2022-08-04T15:20:01+05:00" level=info msg="initializing redis config..." func="main.main()" file="/home/ata/my_project/app/cmd/project/main.go:28"
time="2022-08-04T15:20:01+05:00" level=info msg="connecting to redis database..." func="main.main()" file="/home/ata/my_project/app/cmd/project/main.go:31"
time="2022-08-04T15:20:01+05:00" level=info msg="setting up all repository, service, controller..." func="main.main()" file="/home/ata/my_project/app/cmd/project/main.go:34"
time="2022-08-04T15:20:01+05:00" level=info msg="initializing a new app..." func="main.main()" file="/home/ata/my_project/app/cmd/project/main.go:38"
time="2022-08-04T16:38:15+05:00" level=info msg="initializing postgres config..." func="main.main()" file="/home/ata/my_project/app/cmd/project/main.go:18"
time="2022-08-04T16:38:15+05:00" level=info msg="connecting to postgres database..." func="main.main()" file="/home/ata/my_project/app/cmd/project/main.go:21"
time="2022-08-04T16:38:15+05:00" level=info msg="initializing redis config..." func="main.main()" file="/home/ata/my_project/app/cmd/project/main.go:28"
time="2022-08-04T16:38:15+05:00" level=info msg="connecting to redis database..." func="main.main()" file="/home/ata/my_project/app/cmd/project/main.go:31"
time="2022-08-04T16:38:15+05:00" level=info msg="setting up all repository, service, controller..." func="main.main()" file="/home/ata/my_project/app/cmd/project/main.go:34"
time="2022-08-04T16:38:15+05:00" level=info msg="initializing a new app..." func="main.main()" file="/home/ata/my_project/app/cmd/project/main.go:38"
time="2022-08-04T17:22:02+05:00" level=info msg="initializing postgres config..." func="main.main()" file="/home/ata/my_project/app/cmd/project/main.go:18"
time="2022-08-04T17:22:02+05:00" level=info msg="connecting to postgres database..." func="main.main()" file="/home/ata/my_project/app/cmd/project/main.go:21"
time="2022-08-04T17:22:02+05:00" level=info msg="initializing redis config..." func="main.main()" file="/home/ata/my_project/app/cmd/project/main.go:28"
time="2022-08-04T17:22:02+05:00" level=info msg="connecting to redis database..." func="main.main()" file="/home/ata/my_project/app/cmd/project/main.go:31"
time="2022-08-04T17:22:02+05:00" level=info msg="setting up all repository, service, controller..." func="main.main()" file="/home/ata/my_project/app/cmd/project/main.go:34"
time="2022-08-04T17:22:02+05:00" level=info msg="initializing a new app..." func="main.main()" file="/home/ata/my_project/app/cmd/project/main.go:38"
time="2022-08-04T18:16:07+05:00" level=info msg="initializing postgres config..." func="main.main()" file="/home/ata/my_project/app/cmd/project/main.go:18"
time="2022-08-04T18:16:07+05:00" level=info msg="connecting to postgres database..." func="main.main()" file="/home/ata/my_project/app/cmd/project/main.go:21"
time="2022-08-04T18:16:07+05:00" level=info msg="initializing redis config..." func="main.main()" file="/home/ata/my_project/app/cmd/project/main.go:28"
time="2022-08-04T18:16:07+05:00" level=info msg="connecting to redis database..." func="main.main()" file="/home/ata/my_project/app/cmd/project/main.go:31"
time="2022-08-04T18:16:07+05:00" level=info msg="setting up all repository, service, controller..." func="main.main()" file="/home/ata/my_project/app/cmd/project/main.go:34"
time="2022-08-04T18:16:07+05:00" level=info msg="initializing a new app..." func="main.main()" file="/home/ata/my_project/app/cmd/project/main.go:38"
time="2022-08-04T18:19:16+05:00" level=info msg="initializing postgres config..." func="main.main()" file="/home/ata/my_project/app/cmd/project/main.go:18"
time="2022-08-04T18:19:16+05:00" level=info msg="connecting to postgres database..." func="main.main()" file="/home/ata/my_project/app/cmd/project/main.go:21"
time="2022-08-04T18:19:16+05:00" level=info msg="initializing redis config..." func="main.main()" file="/home/ata/my_project/app/cmd/project/main.go:28"
time="2022-08-04T18:19:16+05:00" level=info msg="connecting to redis database..." func="main.main()" file="/home/ata/my_project/app/cmd/project/main.go:31"
time="2022-08-04T18:19:16+05:00" level=info msg="setting up all repository, service, controller..." func="main.main()" file="/home/ata/my_project/app/cmd/project/main.go:34"
time="2022-08-04T18:19:16+05:00" level=info msg="initializing a new app..." func="main.main()" file="/home/ata/my_project/app/cmd/project/main.go:38"
time="2022-08-04T18:20:40+05:00" level=info msg="initializing postgres config..." func="main.main()" file="/home/ata/my_project/app/cmd/project/main.go:18"
time="2022-08-04T18:20:40+05:00" level=info msg="connecting to postgres database..." func="main.main()" file="/home/ata/my_project/app/cmd/project/main.go:21"
time="2022-08-04T18:20:40+05:00" level=info msg="initializing redis config..." func="main.main()" file="/home/ata/my_project/app/cmd/project/main.go:28"
time="2022-08-04T18:20:40+05:00" level=info msg="connecting to redis database..." func="main.main()" file="/home/ata/my_project/app/cmd/project/main.go:31"
time="2022-08-04T18:20:40+05:00" level=info msg="setting up all repository, service, controller..." func="main.main()" file="/home/ata/my_project/app/cmd/project/main.go:34"
time="2022-08-04T18:20:40+05:00" level=info msg="initializing a new app..." func="main.main()" file="/home/ata/my_project/app/cmd/project/main.go:38"
time="2022-08-04T18:21:16+05:00" level=info msg="initializing postgres config..." func="main.main()" file="/home/ata/my_project/app/cmd/project/main.go:18"
time="2022-08-04T18:21:16+05:00" level=info msg="connecting to postgres database..." func="main.main()" file="/home/ata/my_project/app/cmd/project/main.go:21"
time="2022-08-04T18:21:16+05:00" level=info msg="initializing redis config..." func="main.main()" file="/home/ata/my_project/app/cmd/project/main.go:28"
time="2022-08-04T18:21:16+05:00" level=info msg="connecting to redis database..." func="main.main()" file="/home/ata/my_project/app/cmd/project/main.go:31"
time="2022-08-04T18:21:16+05:00" level=info msg="setting up all repository, service, controller..." func="main.main()" file="/home/ata/my_project/app/cmd/project/main.go:34"
time="2022-08-04T18:21:16+05:00" level=info msg="initializing a new app..." func="main.main()" file="/home/ata/my_project/app/cmd/project/main.go:38"
time="2022-08-04T18:28:12+05:00" level=info msg="initializing postgres config..." func="main.main()" file="/home/ata/my_project/app/cmd/project/main.go:18"
time="2022-08-04T18:28:12+05:00" level=info msg="connecting to postgres database..." func="main.main()" file="/home/ata/my_project/app/cmd/project/main.go:21"
time="2022-08-04T18:28:12+05:00" level=info msg="initializing redis config..." func="main.main()" file="/home/ata/my_project/app/cmd/project/main.go:28"
time="2022-08-04T18:28:12+05:00" level=info msg="connecting to redis database..." func="main.main()" file="/home/ata/my_project/app/cmd/project/main.go:31"
time="2022-08-04T18:28:12+05:00" level=info msg="setting up all repository, service, controller..." func="main.main()" file="/home/ata/my_project/app/cmd/project/main.go:34"
time="2022-08-04T18:28:12+05:00" level=info msg="initializing a new app..." func="main.main()" file="/home/ata/my_project/app/cmd/project/main.go:38"
time="2022-08-04T18:32:04+05:00" level=info msg="initializing postgres config..." func="main.main()" file="/home/ata/my_project/app/cmd/project/main.go:18"
time="2022-08-04T18:32:04+05:00" level=info msg="connecting to postgres database..." func="main.main()" file="/home/ata/my_project/app/cmd/project/main.go:21"
time="2022-08-04T18:32:04+05:00" level=info msg="initializing redis config..." func="main.main()" file="/home/ata/my_project/app/cmd/project/main.go:28"
time="2022-08-04T18:32:04+05:00" level=info msg="connecting to redis database..." func="main.main()" file="/home/ata/my_project/app/cmd/project/main.go:31"
time="2022-08-04T18:32:04+05:00" level=info msg="setting up all repository, service, controller..." func="main.main()" file="/home/ata/my_project/app/cmd/project/main.go:34"
time="2022-08-04T18:32:04+05:00" level=info msg="initializing a new app..." func="main.main()" file="/home/ata/my_project/app/cmd/project/main.go:38"
time="2022-08-04T18:38:25+05:00" level=info msg="initializing postgres config..." func="main.main()" file="/home/ata/my_project/app/cmd/project/main.go:18"
time="2022-08-04T18:38:25+05:00" level=info msg="connecting to postgres database..." func="main.main()" file="/home/ata/my_project/app/cmd/project/main.go:21"
time="2022-08-04T18:38:25+05:00" level=info msg="initializing redis config..." func="main.main()" file="/home/ata/my_project/app/cmd/project/main.go:28"
time="2022-08-04T18:38:25+05:00" level=info msg="connecting to redis database..." func="main.main()" file="/home/ata/my_project/app/cmd/project/main.go:31"
time="2022-08-04T18:38:25+05:00" level=info msg="setting up all repository, service, controller..." func="main.main()" file="/home/ata/my_project/app/cmd/project/main.go:34"
time="2022-08-04T18:38:25+05:00" level=info msg="initializing a new app..." func="main.main()" file="/home/ata/my_project/app/cmd/project/main.go:38"
time="2022-08-04T18:40:54+05:00" level=info msg="initializing postgres config..." func="main.main()" file="/home/ata/my_project/app/cmd/project/main.go:18"
time="2022-08-04T18:40:54+05:00" level=info msg="connecting to postgres database..." func="main.main()" file="/home/ata/my_project/app/cmd/project/main.go:21"
time="2022-08-04T18:40:54+05:00" level=info msg="initializing redis config..." func="main.main()" file="/home/ata/my_project/app/cmd/project/main.go:28"
time="2022-08-04T18:40:54+05:00" level=info msg="connecting to redis database..." func="main.main()" file="/home/ata/my_project/app/cmd/project/main.go:31"
time="2022-08-04T18:40:54+05:00" level=info msg="setting up all repository, service, controller..." func="main.main()" file="/home/ata/my_project/app/cmd/project/main.go:34"
time="2022-08-04T18:40:54+05:00" level=info msg="initializing a new app..." func="main.main()" file="/home/ata/my_project/app/cmd/project/main.go:38"
time="2022-08-04T18:41:39+05:00" level=info msg="initializing postgres config..." func="main.main()" file="/home/ata/my_project/app/cmd/project/main.go:18"
time="2022-08-04T18:41:39+05:00" level=info msg="connecting to postgres database..." func="main.main()" file="/home/ata/my_project/app/cmd/project/main.go:21"
time="2022-08-04T18:41:39+05:00" level=info msg="initializing redis config..." func="main.main()" file="/home/ata/my_project/app/cmd/project/main.go:28"
time="2022-08-04T18:41:39+05:00" level=info msg="connecting to redis database..." func="main.main()" file="/home/ata/my_project/app/cmd/project/main.go:31"
time="2022-08-04T18:41:39+05:00" level=info msg="setting up all repository, service, controller..." func="main.main()" file="/home/ata/my_project/app/cmd/project/main.go:34"
time="2022-08-04T18:41:39+05:00" level=info msg="initializing a new app..." func="main.main()" file="/home/ata/my_project/app/cmd/project/main.go:38"
time="2022-08-04T18:42:12+05:00" level=info msg="initializing postgres config..." func="main.main()" file="/home/ata/my_project/app/cmd/project/main.go:18"
time="2022-08-04T18:42:12+05:00" level=info msg="connecting to postgres database..." func="main.main()" file="/home/ata/my_project/app/cmd/project/main.go:21"
time="2022-08-04T18:42:12+05:00" level=info msg="initializing redis config..." func="main.main()" file="/home/ata/my_project/app/cmd/project/main.go:28"
time="2022-08-04T18:42:12+05:00" level=info msg="connecting to redis database..." func="main.main()" file="/home/ata/my_project/app/cmd/project/main.go:31"
time="2022-08-04T18:42:12+05:00" level=info msg="setting up all repository, service, controller..." func="main.main()" file="/home/ata/my_project/app/cmd/project/main.go:34"
time="2022-08-04T18:42:12+05:00" level=info msg="initializing a new app..." func="main.main()" file="/home/ata/my_project/app/cmd/project/main.go:38"
time="2022-08-04T18:44:30+05:00" level=info msg="initializing postgres config..." func="main.main()" file="/home/ata/my_project/app/cmd/project/main.go:18"
time="2022-08-04T18:44:30+05:00" level=info msg="connecting to postgres database..." func="main.main()" file="/home/ata/my_project/app/cmd/project/main.go:21"
time="2022-08-04T18:44:30+05:00" level=info msg="initializing redis config..." func="main.main()" file="/home/ata/my_project/app/cmd/project/main.go:28"
time="2022-08-04T18:44:30+05:00" level=info msg="connecting to redis database..." func="main.main()" file="/home/ata/my_project/app/cmd/project/main.go:31"
time="2022-08-04T18:44:30+05:00" level=info msg="setting up all repository, service, controller..." func="main.main()" file="/home/ata/my_project/app/cmd/project/main.go:34"
time="2022-08-04T18:44:30+05:00" level=info msg="initializing a new app..." func="main.main()" file="/home/ata/my_project/app/cmd/project/main.go:38"
time="2022-08-05T08:59:58+05:00" level=info msg="initializing postgres config..." func="main.main()" file="/home/ata/my_project/app/cmd/project/main.go:18"
time="2022-08-05T08:59:58+05:00" level=info msg="connecting to postgres database..." func="main.main()" file="/home/ata/my_project/app/cmd/project/main.go:21"
time="2022-08-05T08:59:58+05:00" level=info msg="initializing redis config..." func="main.main()" file="/home/ata/my_project/app/cmd/project/main.go:28"
time="2022-08-05T08:59:58+05:00" level=info msg="connecting to redis database..." func="main.main()" file="/home/ata/my_project/app/cmd/project/main.go:31"
time="2022-08-05T08:59:58+05:00" level=info msg="setting up all repository, service, controller..." func="main.main()" file="/home/ata/my_project/app/cmd/project/main.go:34"
time="2022-08-05T08:59:58+05:00" level=info msg="initializing a new app..." func="main.main()" file="/home/ata/my_project/app/cmd/project/main.go:38"
time="2022-08-05T09:06:35+05:00" level=info msg="initializing postgres config..." func="main.main()" file="/home/ata/my_project/app/cmd/project/main.go:18"
time="2022-08-05T09:06:35+05:00" level=info msg="connecting to postgres database..." func="main.main()" file="/home/ata/my_project/app/cmd/project/main.go:21"
time="2022-08-05T09:06:35+05:00" level=info msg="initializing redis config..." func="main.main()" file="/home/ata/my_project/app/cmd/project/main.go:28"
time="2022-08-05T09:06:35+05:00" level=info msg="connecting to redis database..." func="main.main()" file="/home/ata/my_project/app/cmd/project/main.go:31"
time="2022-08-05T09:06:35+05:00" level=info msg="setting up all repository, service, controller..." func="main.main()" file="/home/ata/my_project/app/cmd/project/main.go:34"
time="2022-08-05T09:06:35+05:00" level=info msg="initializing a new app..." func="main.main()" file="/home/ata/my_project/app/cmd/project/main.go:38"
time="2022-08-05T09:09:24+05:00" level=info msg="initializing postgres config..." func="main.main()" file="/home/ata/my_project/app/cmd/project/main.go:18"
time="2022-08-05T09:09:24+05:00" level=info msg="connecting to postgres database..." func="main.main()" file="/home/ata/my_project/app/cmd/project/main.go:21"
time="2022-08-05T09:09:24+05:00" level=info msg="initializing redis config..." func="main.main()" file="/home/ata/my_project/app/cmd/project/main.go:28"
time="2022-08-05T09:09:24+05:00" level=info msg="connecting to redis database..." func="main.main()" file="/home/ata/my_project/app/cmd/project/main.go:31"
time="2022-08-05T09:09:24+05:00" level=info msg="setting up all repository, service, controller..." func="main.main()" file="/home/ata/my_project/app/cmd/project/main.go:34"
time="2022-08-05T09:09:24+05:00" level=info msg="initializing a new app..." func="main.main()" file="/home/ata/my_project/app/cmd/project/main.go:38"
time="2022-08-05T09:09:54+05:00" level=info msg="initializing postgres config..." func="main.main()" file="/home/ata/my_project/app/cmd/project/main.go:18"
time="2022-08-05T09:09:54+05:00" level=info msg="connecting to postgres database..." func="main.main()" file="/home/ata/my_project/app/cmd/project/main.go:21"
time="2022-08-05T09:09:54+05:00" level=info msg="initializing redis config..." func="main.main()" file="/home/ata/my_project/app/cmd/project/main.go:28"
time="2022-08-05T09:09:54+05:00" level=info msg="connecting to redis database..." func="main.main()" file="/home/ata/my_project/app/cmd/project/main.go:31"
time="2022-08-05T09:09:54+05:00" level=info msg="setting up all repository, service, controller..." func="main.main()" file="/home/ata/my_project/app/cmd/project/main.go:34"
time="2022-08-05T09:09:54+05:00" level=info msg="initializing a new app..." func="main.main()" file="/home/ata/my_project/app/cmd/project/main.go:38"
time="2022-08-05T09:10:33+05:00" level=info msg="initializing postgres config..." func="main.main()" file="/home/ata/my_project/app/cmd/project/main.go:18"
time="2022-08-05T09:10:33+05:00" level=info msg="connecting to postgres database..." func="main.main()" file="/home/ata/my_project/app/cmd/project/main.go:21"
time="2022-08-05T09:10:33+05:00" level=info msg="initializing redis config..." func="main.main()" file="/home/ata/my_project/app/cmd/project/main.go:28"
time="2022-08-05T09:10:33+05:00" level=info msg="connecting to redis database..." func="main.main()" file="/home/ata/my_project/app/cmd/project/main.go:31"
time="2022-08-05T09:10:33+05:00" level=info msg="setting up all repository, service, controller..." func="main.main()" file="/home/ata/my_project/app/cmd/project/main.go:34"
time="2022-08-05T09:10:33+05:00" level=info msg="initializing a new app..." func="main.main()" file="/home/ata/my_project/app/cmd/project/main.go:38"
time="2022-08-05T09:12:25+05:00" level=info msg="initializing postgres config..." func="main.main()" file="/home/ata/my_project/app/cmd/project/main.go:18"
time="2022-08-05T09:12:25+05:00" level=info msg="connecting to postgres database..." func="main.main()" file="/home/ata/my_project/app/cmd/project/main.go:21"
time="2022-08-05T09:12:25+05:00" level=info msg="initializing redis config..." func="main.main()" file="/home/ata/my_project/app/cmd/project/main.go:28"
time="2022-08-05T09:12:25+05:00" level=info msg="connecting to redis database..." func="main.main()" file="/home/ata/my_project/app/cmd/project/main.go:31"
time="2022-08-05T09:12:25+05:00" level=info msg="setting up all repository, service, controller..." func="main.main()" file="/home/ata/my_project/app/cmd/project/main.go:34"
time="2022-08-05T09:12:25+05:00" level=info msg="initializing a new app..." func="main.main()" file="/home/ata/my_project/app/cmd/project/main.go:38"
time="2022-08-05T09:13:16+05:00" level=info msg="initializing postgres config..." func="main.main()" file="/home/ata/my_project/app/cmd/project/main.go:18"
time="2022-08-05T09:13:16+05:00" level=info msg="connecting to postgres database..." func="main.main()" file="/home/ata/my_project/app/cmd/project/main.go:21"
time="2022-08-05T09:13:16+05:00" level=info msg="initializing redis config..." func="main.main()" file="/home/ata/my_project/app/cmd/project/main.go:28"
time="2022-08-05T09:13:16+05:00" level=info msg="connecting to redis database..." func="main.main()" file="/home/ata/my_project/app/cmd/project/main.go:31"
time="2022-08-05T09:13:16+05:00" level=info msg="setting up all repository, service, controller..." func="main.main()" file="/home/ata/my_project/app/cmd/project/main.go:34"
time="2022-08-05T09:13:16+05:00" level=info msg="initializing a new app..." func="main.main()" file="/home/ata/my_project/app/cmd/project/main.go:38"
time="2022-08-05T09:16:05+05:00" level=info msg="initializing postgres config..." func="main.main()" file="/home/ata/my_project/app/cmd/project/main.go:18"
time="2022-08-05T09:16:05+05:00" level=info msg="connecting to postgres database..." func="main.main()" file="/home/ata/my_project/app/cmd/project/main.go:21"
time="2022-08-05T09:16:05+05:00" level=info msg="initializing redis config..." func="main.main()" file="/home/ata/my_project/app/cmd/project/main.go:28"
time="2022-08-05T09:16:05+05:00" level=info msg="connecting to redis database..." func="main.main()" file="/home/ata/my_project/app/cmd/project/main.go:31"
time="2022-08-05T09:16:05+05:00" level=info msg="setting up all repository, service, controller..." func="main.main()" file="/home/ata/my_project/app/cmd/project/main.go:34"
time="2022-08-05T09:16:05+05:00" level=info msg="initializing a new app..." func="main.main()" file="/home/ata/my_project/app/cmd/project/main.go:38"
time="2022-08-05T09:42:45+05:00" level=info msg="initializing postgres config..." func="main.main()" file="/home/ata/my_project/app/cmd/project/main.go:18"
time="2022-08-05T09:42:45+05:00" level=info msg="connecting to postgres database..." func="main.main()" file="/home/ata/my_project/app/cmd/project/main.go:21"
time="2022-08-05T09:42:45+05:00" level=info msg="initializing redis config..." func="main.main()" file="/home/ata/my_project/app/cmd/project/main.go:28"
time="2022-08-05T09:42:45+05:00" level=info msg="connecting to redis database..." func="main.main()" file="/home/ata/my_project/app/cmd/project/main.go:31"
time="2022-08-05T09:42:45+05:00" level=info msg="setting up all repository, service, controller..." func="main.main()" file="/home/ata/my_project/app/cmd/project/main.go:34"
time="2022-08-05T09:42:45+05:00" level=info msg="initializing a new app..." func="main.main()" file="/home/ata/my_project/app/cmd/project/main.go:38"
time="2022-08-05T10:19:04+05:00" level=info msg="initializing postgres config..." func="main.main()" file="/home/ata/my_project/app/cmd/project/main.go:18"
time="2022-08-05T10:19:04+05:00" level=info msg="connecting to postgres database..." func="main.main()" file="/home/ata/my_project/app/cmd/project/main.go:21"
time="2022-08-05T10:19:04+05:00" level=info msg="initializing redis config..." func="main.main()" file="/home/ata/my_project/app/cmd/project/main.go:28"
time="2022-08-05T10:19:04+05:00" level=info msg="connecting to redis database..." func="main.main()" file="/home/ata/my_project/app/cmd/project/main.go:31"
time="2022-08-05T10:19:04+05:00" level=info msg="setting up all repository, service, controller..." func="main.main()" file="/home/ata/my_project/app/cmd/project/main.go:34"
time="2022-08-05T10:19:04+05:00" level=info msg="initializing a new app..." func="main.main()" file="/home/ata/my_project/app/cmd/project/main.go:38"
time="2022-08-05T10:34:01+05:00" level=info msg="initializing postgres config..." func="main.main()" file="/home/ata/my_project/app/cmd/project/main.go:18"
time="2022-08-05T10:34:01+05:00" level=info msg="connecting to postgres database..." func="main.main()" file="/home/ata/my_project/app/cmd/project/main.go:21"
time="2022-08-05T10:34:01+05:00" level=info msg="initializing redis config..." func="main.main()" file="/home/ata/my_project/app/cmd/project/main.go:28"
time="2022-08-05T10:34:01+05:00" level=info msg="connecting to redis database..." func="main.main()" file="/home/ata/my_project/app/cmd/project/main.go:31"
time="2022-08-05T10:34:01+05:00" level=info msg="setting up all repository, service, controller..." func="main.main()" file="/home/ata/my_project/app/cmd/project/main.go:34"
time="2022-08-05T10:34:01+05:00" level=info msg="initializing a new app..." func="main.main()" file="/home/ata/my_project/app/cmd/project/main.go:38"
time="2022-08-05T10:38:19+05:00" level=info msg="initializing postgres config..." func="main.main()" file="/home/ata/my_project/app/cmd/project/main.go:18"
time="2022-08-05T10:38:19+05:00" level=info msg="connecting to postgres database..." func="main.main()" file="/home/ata/my_project/app/cmd/project/main.go:21"
time="2022-08-05T10:38:19+05:00" level=info msg="initializing redis config..." func="main.main()" file="/home/ata/my_project/app/cmd/project/main.go:28"
time="2022-08-05T10:38:19+05:00" level=info msg="connecting to redis database..." func="main.main()" file="/home/ata/my_project/app/cmd/project/main.go:31"
time="2022-08-05T10:38:19+05:00" level=info msg="setting up all repository, service, controller..." func="main.main()" file="/home/ata/my_project/app/cmd/project/main.go:34"
time="2022-08-05T10:38:19+05:00" level=info msg="initializing a new app..." func="main.main()" file="/home/ata/my_project/app/cmd/project/main.go:38"
time="2022-08-05T10:57:28+05:00" level=error msg="Cannot POST /admin/api/register" func="my_project/internal/app.NewApp.func1()" file="/home/ata/my_project/app/internal/app/app.go:25" baseUrl="127.0.0.1:3000/admin/api/register" user=
time="2022-08-05T11:00:48+05:00" level=info msg="initializing postgres config..." func="main.main()" file="/home/ata/my_project/app/cmd/project/main.go:18"
time="2022-08-05T11:00:48+05:00" level=info msg="connecting to postgres database..." func="main.main()" file="/home/ata/my_project/app/cmd/project/main.go:21"
time="2022-08-05T11:00:48+05:00" level=info msg="initializing redis config..." func="main.main()" file="/home/ata/my_project/app/cmd/project/main.go:28"
time="2022-08-05T11:00:48+05:00" level=info msg="connecting to redis database..." func="main.main()" file="/home/ata/my_project/app/cmd/project/main.go:31"
time="2022-08-05T11:00:48+05:00" level=info msg="setting up all repository, service, controller..." func="main.main()" file="/home/ata/my_project/app/cmd/project/main.go:34"
time="2022-08-05T11:00:48+05:00" level=info msg="initializing a new app..." func="main.main()" file="/home/ata/my_project/app/cmd/project/main.go:38"
time="2022-08-05T11:26:02+05:00" level=info msg="initializing postgres config..." func="main.main()" file="/home/ata/my_project/app/cmd/project/main.go:18"
time="2022-08-05T11:26:02+05:00" level=info msg="connecting to postgres database..." func="main.main()" file="/home/ata/my_project/app/cmd/project/main.go:21"
time="2022-08-05T11:26:02+05:00" level=info msg="initializing redis config..." func="main.main()" file="/home/ata/my_project/app/cmd/project/main.go:28"
time="2022-08-05T11:26:02+05:00" level=info msg="connecting to redis database..." func="main.main()" file="/home/ata/my_project/app/cmd/project/main.go:31"
time="2022-08-05T11:26:02+05:00" level=info msg="setting up all repository, service, controller..." func="main.main()" file="/home/ata/my_project/app/cmd/project/main.go:34"
time="2022-08-05T11:26:02+05:00" level=info msg="initializing a new app..." func="main.main()" file="/home/ata/my_project/app/cmd/project/main.go:38"
time="2022-08-05T11:26:57+05:00" level=info msg="initializing postgres config..." func="main.main()" file="/home/ata/my_project/app/cmd/project/main.go:18"
time="2022-08-05T11:26:57+05:00" level=info msg="connecting to postgres database..." func="main.main()" file="/home/ata/my_project/app/cmd/project/main.go:21"
time="2022-08-05T11:26:57+05:00" level=info msg="initializing redis config..." func="main.main()" file="/home/ata/my_project/app/cmd/project/main.go:28"
time="2022-08-05T11:26:57+05:00" level=info msg="connecting to redis database..." func="main.main()" file="/home/ata/my_project/app/cmd/project/main.go:31"
time="2022-08-05T11:26:57+05:00" level=info msg="setting up all repository, service, controller..." func="main.main()" file="/home/ata/my_project/app/cmd/project/main.go:34"
time="2022-08-05T11:26:57+05:00" level=info msg="initializing a new app..." func="main.main()" file="/home/ata/my_project/app/cmd/project/main.go:38"
time="2022-08-05T11:34:55+05:00" level=info msg="initializing postgres config..." func="main.main()" file="/home/ata/my_project/app/cmd/project/main.go:18"
time="2022-08-05T11:34:55+05:00" level=info msg="connecting to postgres database..." func="main.main()" file="/home/ata/my_project/app/cmd/project/main.go:21"
time="2022-08-05T11:34:55+05:00" level=info msg="initializing redis config..." func="main.main()" file="/home/ata/my_project/app/cmd/project/main.go:28"
time="2022-08-05T11:34:55+05:00" level=info msg="connecting to redis database..." func="main.main()" file="/home/ata/my_project/app/cmd/project/main.go:31"
time="2022-08-05T11:34:55+05:00" level=info msg="setting up all repository, service, controller..." func="main.main()" file="/home/ata/my_project/app/cmd/project/main.go:34"
time="2022-08-05T11:34:55+05:00" level=info msg="initializing a new app..." func="main.main()" file="/home/ata/my_project/app/cmd/project/main.go:38"
time="2022-08-05T11:36:04+05:00" level=info msg="initializing postgres config..." func="main.main()" file="/home/ata/my_project/app/cmd/project/main.go:18"
time="2022-08-05T11:36:04+05:00" level=info msg="connecting to postgres database..." func="main.main()" file="/home/ata/my_project/app/cmd/project/main.go:21"
time="2022-08-05T11:36:04+05:00" level=info msg="initializing redis config..." func="main.main()" file="/home/ata/my_project/app/cmd/project/main.go:28"
time="2022-08-05T11:36:04+05:00" level=info msg="connecting to redis database..." func="main.main()" file="/home/ata/my_project/app/cmd/project/main.go:31"
time="2022-08-05T11:36:04+05:00" level=info msg="setting up all repository, service, controller..." func="main.main()" file="/home/ata/my_project/app/cmd/project/main.go:34"
time="2022-08-05T11:36:04+05:00" level=info msg="initializing a new app..." func="main.main()" file="/home/ata/my_project/app/cmd/project/main.go:38"
time="2022-08-05T11:36:31+05:00" level=info msg="initializing postgres config..." func="main.main()" file="/home/ata/my_project/app/cmd/project/main.go:18"
time="2022-08-05T11:36:31+05:00" level=info msg="connecting to postgres database..." func="main.main()" file="/home/ata/my_project/app/cmd/project/main.go:21"
time="2022-08-05T11:36:31+05:00" level=info msg="initializing redis config..." func="main.main()" file="/home/ata/my_project/app/cmd/project/main.go:28"
time="2022-08-05T11:36:31+05:00" level=info msg="connecting to redis database..." func="main.main()" file="/home/ata/my_project/app/cmd/project/main.go:31"
time="2022-08-05T11:36:31+05:00" level=info msg="setting up all repository, service, controller..." func="main.main()" file="/home/ata/my_project/app/cmd/project/main.go:34"
time="2022-08-05T11:36:31+05:00" level=info msg="initializing a new app..." func="main.main()" file="/home/ata/my_project/app/cmd/project/main.go:38"
time="2022-08-05T11:37:31+05:00" level=info msg="initializing postgres config..." func="main.main()" file="/home/ata/my_project/app/cmd/project/main.go:18"
time="2022-08-05T11:37:31+05:00" level=info msg="connecting to postgres database..." func="main.main()" file="/home/ata/my_project/app/cmd/project/main.go:21"
time="2022-08-05T11:37:31+05:00" level=info msg="initializing redis config..." func="main.main()" file="/home/ata/my_project/app/cmd/project/main.go:28"
time="2022-08-05T11:37:31+05:00" level=info msg="connecting to redis database..." func="main.main()" file="/home/ata/my_project/app/cmd/project/main.go:31"
time="2022-08-05T11:37:31+05:00" level=info msg="setting up all repository, service, controller..." func="main.main()" file="/home/ata/my_project/app/cmd/project/main.go:34"
time="2022-08-05T11:37:31+05:00" level=info msg="initializing a new app..." func="main.main()" file="/home/ata/my_project/app/cmd/project/main.go:38"
time="2022-08-05T11:38:15+05:00" level=info msg="initializing postgres config..." func="main.main()" file="/home/ata/my_project/app/cmd/project/main.go:18"
time="2022-08-05T11:38:15+05:00" level=info msg="connecting to postgres database..." func="main.main()" file="/home/ata/my_project/app/cmd/project/main.go:21"
time="2022-08-05T11:38:15+05:00" level=info msg="initializing redis config..." func="main.main()" file="/home/ata/my_project/app/cmd/project/main.go:28"
time="2022-08-05T11:38:15+05:00" level=info msg="connecting to redis database..." func="main.main()" file="/home/ata/my_project/app/cmd/project/main.go:31"
time="2022-08-05T11:38:15+05:00" level=info msg="setting up all repository, service, controller..." func="main.main()" file="/home/ata/my_project/app/cmd/project/main.go:34"
time="2022-08-05T11:38:15+05:00" level=info msg="initializing a new app..." func="main.main()" file="/home/ata/my_project/app/cmd/project/main.go:38"
time="2022-08-05T11:40:21+05:00" level=info msg="initializing postgres config..." func="main.main()" file="/home/ata/my_project/app/cmd/project/main.go:18"
time="2022-08-05T11:40:21+05:00" level=info msg="connecting to postgres database..." func="main.main()" file="/home/ata/my_project/app/cmd/project/main.go:21"
time="2022-08-05T11:40:21+05:00" level=info msg="initializing redis config..." func="main.main()" file="/home/ata/my_project/app/cmd/project/main.go:28"
time="2022-08-05T11:40:21+05:00" level=info msg="connecting to redis database..." func="main.main()" file="/home/ata/my_project/app/cmd/project/main.go:31"
time="2022-08-05T11:40:21+05:00" level=info msg="setting up all repository, service, controller..." func="main.main()" file="/home/ata/my_project/app/cmd/project/main.go:34"
time="2022-08-05T11:40:21+05:00" level=info msg="initializing a new app..." func="main.main()" file="/home/ata/my_project/app/cmd/project/main.go:38"
time="2022-08-05T11:41:15+05:00" level=info msg="initializing postgres config..." func="main.main()" file="/home/ata/my_project/app/cmd/project/main.go:18"
time="2022-08-05T11:41:15+05:00" level=info msg="connecting to postgres database..." func="main.main()" file="/home/ata/my_project/app/cmd/project/main.go:21"
time="2022-08-05T11:41:15+05:00" level=info msg="initializing redis config..." func="main.main()" file="/home/ata/my_project/app/cmd/project/main.go:28"
time="2022-08-05T11:41:15+05:00" level=info msg="connecting to redis database..." func="main.main()" file="/home/ata/my_project/app/cmd/project/main.go:31"
time="2022-08-05T11:41:15+05:00" level=info msg="setting up all repository, service, controller..." func="main.main()" file="/home/ata/my_project/app/cmd/project/main.go:34"
time="2022-08-05T11:41:15+05:00" level=info msg="initializing a new app..." func="main.main()" file="/home/ata/my_project/app/cmd/project/main.go:38"
time="2022-08-05T11:42:17+05:00" level=info msg="initializing postgres config..." func="main.main()" file="/home/ata/my_project/app/cmd/project/main.go:18"
time="2022-08-05T11:42:17+05:00" level=info msg="connecting to postgres database..." func="main.main()" file="/home/ata/my_project/app/cmd/project/main.go:21"
time="2022-08-05T11:42:17+05:00" level=info msg="initializing redis config..." func="main.main()" file="/home/ata/my_project/app/cmd/project/main.go:28"
time="2022-08-05T11:42:17+05:00" level=info msg="connecting to redis database..." func="main.main()" file="/home/ata/my_project/app/cmd/project/main.go:31"
time="2022-08-05T11:42:17+05:00" level=info msg="setting up all repository, service, controller..." func="main.main()" file="/home/ata/my_project/app/cmd/project/main.go:34"
time="2022-08-05T11:42:17+05:00" level=info msg="initializing a new app..." func="main.main()" file="/home/ata/my_project/app/cmd/project/main.go:38"
time="2022-08-05T11:47:16+05:00" level=info msg="initializing postgres config..." func="main.main()" file="/home/ata/my_project/app/cmd/project/main.go:18"
time="2022-08-05T11:47:16+05:00" level=info msg="connecting to postgres database..." func="main.main()" file="/home/ata/my_project/app/cmd/project/main.go:21"
time="2022-08-05T11:47:16+05:00" level=info msg="initializing redis config..." func="main.main()" file="/home/ata/my_project/app/cmd/project/main.go:28"
time="2022-08-05T11:47:16+05:00" level=info msg="connecting to redis database..." func="main.main()" file="/home/ata/my_project/app/cmd/project/main.go:31"
time="2022-08-05T11:47:16+05:00" level=info msg="setting up all repository, service, controller..." func="main.main()" file="/home/ata/my_project/app/cmd/project/main.go:34"
time="2022-08-05T11:47:16+05:00" level=info msg="initializing a new app..." func="main.main()" file="/home/ata/my_project/app/cmd/project/main.go:38"
time="2022-08-05T11:47:57+05:00" level=info msg="initializing postgres config..." func="main.main()" file="/home/ata/my_project/app/cmd/project/main.go:18"
time="2022-08-05T11:47:57+05:00" level=info msg="connecting to postgres database..." func="main.main()" file="/home/ata/my_project/app/cmd/project/main.go:21"
time="2022-08-05T11:47:57+05:00" level=info msg="initializing redis config..." func="main.main()" file="/home/ata/my_project/app/cmd/project/main.go:28"
time="2022-08-05T11:47:57+05:00" level=info msg="connecting to redis database..." func="main.main()" file="/home/ata/my_project/app/cmd/project/main.go:31"
time="2022-08-05T11:47:57+05:00" level=info msg="setting up all repository, service, controller..." func="main.main()" file="/home/ata/my_project/app/cmd/project/main.go:34"
time="2022-08-05T11:47:57+05:00" level=info msg="initializing a new app..." func="main.main()" file="/home/ata/my_project/app/cmd/project/main.go:38"
time="2022-08-05T11:53:43+05:00" level=info msg="initializing postgres config..." func="main.main()" file="/home/ata/my_project/app/cmd/project/main.go:18"
time="2022-08-05T11:53:43+05:00" level=info msg="connecting to postgres database..." func="main.main()" file="/home/ata/my_project/app/cmd/project/main.go:21"
time="2022-08-05T11:53:43+05:00" level=info msg="initializing redis config..." func="main.main()" file="/home/ata/my_project/app/cmd/project/main.go:28"
time="2022-08-05T11:53:43+05:00" level=info msg="connecting to redis database..." func="main.main()" file="/home/ata/my_project/app/cmd/project/main.go:31"
time="2022-08-05T11:53:43+05:00" level=info msg="setting up all repository, service, controller..." func="main.main()" file="/home/ata/my_project/app/cmd/project/main.go:34"
time="2022-08-05T11:53:43+05:00" level=info msg="initializing a new app..." func="main.main()" file="/home/ata/my_project/app/cmd/project/main.go:38"
time="2022-08-05T11:59:28+05:00" level=info msg="initializing postgres config..." func="main.main()" file="/home/ata/my_project/app/cmd/project/main.go:18"
time="2022-08-05T11:59:28+05:00" level=info msg="connecting to postgres database..." func="main.main()" file="/home/ata/my_project/app/cmd/project/main.go:21"
time="2022-08-05T11:59:28+05:00" level=info msg="initializing redis config..." func="main.main()" file="/home/ata/my_project/app/cmd/project/main.go:28"
time="2022-08-05T11:59:28+05:00" level=info msg="connecting to redis database..." func="main.main()" file="/home/ata/my_project/app/cmd/project/main.go:31"
time="2022-08-05T11:59:28+05:00" level=info msg="setting up all repository, service, controller..." func="main.main()" file="/home/ata/my_project/app/cmd/project/main.go:34"
time="2022-08-05T11:59:28+05:00" level=info msg="initializing a new app..." func="main.main()" file="/home/ata/my_project/app/cmd/project/main.go:38"
time="2022-08-05T12:00:00+05:00" level=error msg="Cannot GET /api/role" func="my_project/internal/app.NewApp.func1()" file="/home/ata/my_project/app/internal/app/app.go:25" baseUrl="127.0.0.1:3000/api/role" user=
time="2022-08-05T12:23:32+05:00" level=info msg="initializing postgres config..." func="main.main()" file="/home/ata/my_project/app/cmd/project/main.go:18"
time="2022-08-05T12:23:32+05:00" level=info msg="connecting to postgres database..." func="main.main()" file="/home/ata/my_project/app/cmd/project/main.go:21"
time="2022-08-05T12:23:32+05:00" level=info msg="initializing redis config..." func="main.main()" file="/home/ata/my_project/app/cmd/project/main.go:28"
time="2022-08-05T12:23:32+05:00" level=info msg="connecting to redis database..." func="main.main()" file="/home/ata/my_project/app/cmd/project/main.go:31"
time="2022-08-05T12:23:32+05:00" level=info msg="setting up all repository, service, controller..." func="main.main()" file="/home/ata/my_project/app/cmd/project/main.go:34"
time="2022-08-05T12:23:32+05:00" level=info msg="initializing a new app..." func="main.main()" file="/home/ata/my_project/app/cmd/project/main.go:38"
time="2022-08-05T12:32:02+05:00" level=info msg="initializing postgres config..." func="main.main()" file="/home/ata/my_project/app/cmd/project/main.go:18"
time="2022-08-05T12:32:02+05:00" level=info msg="connecting to postgres database..." func="main.main()" file="/home/ata/my_project/app/cmd/project/main.go:21"
time="2022-08-05T12:32:02+05:00" level=info msg="initializing redis config..." func="main.main()" file="/home/ata/my_project/app/cmd/project/main.go:28"
time="2022-08-05T12:32:02+05:00" level=info msg="connecting to redis database..." func="main.main()" file="/home/ata/my_project/app/cmd/project/main.go:31"
time="2022-08-05T12:32:02+05:00" level=info msg="setting up all repository, service, controller..." func="main.main()" file="/home/ata/my_project/app/cmd/project/main.go:34"
time="2022-08-05T12:32:02+05:00" level=info msg="initializing a new app..." func="main.main()" file="/home/ata/my_project/app/cmd/project/main.go:38"
time="2022-08-05T12:58:35+05:00" level=info msg="initializing postgres config..." func="main.main()" file="/home/ata/my_project/app/cmd/project/main.go:18"
time="2022-08-05T12:58:35+05:00" level=info msg="connecting to postgres database..." func="main.main()" file="/home/ata/my_project/app/cmd/project/main.go:21"
time="2022-08-05T12:58:35+05:00" level=info msg="initializing redis config..." func="main.main()" file="/home/ata/my_project/app/cmd/project/main.go:28"
time="2022-08-05T12:58:35+05:00" level=info msg="connecting to redis database..." func="main.main()" file="/home/ata/my_project/app/cmd/project/main.go:31"
time="2022-08-05T12:58:35+05:00" level=info msg="setting up all repository, service, controller..." func="main.main()" file="/home/ata/my_project/app/cmd/project/main.go:34"
time="2022-08-05T12:58:35+05:00" level=info msg="initializing a new app..." func="main.main()" file="/home/ata/my_project/app/cmd/project/main.go:38"
time="2022-08-05T12:59:22+05:00" level=error msg="Method Not Allowed" func="my_project/internal/app.NewApp.func1()" file="/home/ata/my_project/app/internal/app/app.go:25" baseUrl="127.0.0.1:3000/api/role/update/1" user=
time="2022-08-05T12:59:49+05:00" level=info msg="initializing postgres config..." func="main.main()" file="/home/ata/my_project/app/cmd/project/main.go:18"
time="2022-08-05T12:59:49+05:00" level=info msg="connecting to postgres database..." func="main.main()" file="/home/ata/my_project/app/cmd/project/main.go:21"
time="2022-08-05T12:59:49+05:00" level=info msg="initializing redis config..." func="main.main()" file="/home/ata/my_project/app/cmd/project/main.go:28"
time="2022-08-05T12:59:49+05:00" level=info msg="connecting to redis database..." func="main.main()" file="/home/ata/my_project/app/cmd/project/main.go:31"
time="2022-08-05T12:59:49+05:00" level=info msg="setting up all repository, service, controller..." func="main.main()" file="/home/ata/my_project/app/cmd/project/main.go:34"
time="2022-08-05T12:59:49+05:00" level=info msg="initializing a new app..." func="main.main()" file="/home/ata/my_project/app/cmd/project/main.go:38"
time="2022-08-05T14:42:19+05:00" level=info msg="initializing postgres config..." func="main.main()" file="/home/ata/my_project/app/cmd/project/main.go:18"
time="2022-08-05T14:42:19+05:00" level=info msg="connecting to postgres database..." func="main.main()" file="/home/ata/my_project/app/cmd/project/main.go:21"
time="2022-08-05T14:42:19+05:00" level=info msg="initializing redis config..." func="main.main()" file="/home/ata/my_project/app/cmd/project/main.go:28"
time="2022-08-05T14:42:19+05:00" level=info msg="connecting to redis database..." func="main.main()" file="/home/ata/my_project/app/cmd/project/main.go:31"
time="2022-08-05T14:42:19+05:00" level=info msg="setting up all repository, service, controller..." func="main.main()" file="/home/ata/my_project/app/cmd/project/main.go:34"
time="2022-08-05T14:42:19+05:00" level=info msg="initializing a new app..." func="main.main()" file="/home/ata/my_project/app/cmd/project/main.go:38"
time="2022-08-05T14:42:37+05:00" level=error msg="Cannot POST /admin/api/register" func="my_project/internal/app.NewApp.func1()" file="/home/ata/my_project/app/internal/app/app.go:25" baseUrl="127.0.0.1:3000/admin/api/register" user=
time="2022-08-05T14:43:30+05:00" level=error msg="Cannot GET /admin/api/all" func="my_project/internal/app.NewApp.func1()" file="/home/ata/my_project/app/internal/app/app.go:25" baseUrl="127.0.0.1:3000/admin/api/all" user=
time="2022-08-05T14:49:37+05:00" level=error msg="Cannot POST /api/role/create" func="my_project/internal/app.NewApp.func1()" file="/home/ata/my_project/app/internal/app/app.go:25" baseUrl="127.0.0.1:3000/api/role/create" user=
time="2022-08-05T14:50:12+05:00" level=error msg="Cannot POST /api/role/create" func="my_project/internal/app.NewApp.func1()" file="/home/ata/my_project/app/internal/app/app.go:25" baseUrl="127.0.0.1:3000/api/role/create" user=
time="2022-08-05T14:50:16+05:00" level=info msg="initializing postgres config..." func="main.main()" file="/home/ata/my_project/app/cmd/project/main.go:18"
time="2022-08-05T14:50:16+05:00" level=info msg="connecting to postgres database..." func="main.main()" file="/home/ata/my_project/app/cmd/project/main.go:21"
time="2022-08-05T14:50:16+05:00" level=info msg="initializing redis config..." func="main.main()" file="/home/ata/my_project/app/cmd/project/main.go:28"
time="2022-08-05T14:50:16+05:00" level=info msg="connecting to redis database..." func="main.main()" file="/home/ata/my_project/app/cmd/project/main.go:31"
time="2022-08-05T14:50:16+05:00" level=info msg="setting up all repository, service, controller..." func="main.main()" file="/home/ata/my_project/app/cmd/project/main.go:34"
time="2022-08-05T14:50:16+05:00" level=info msg="initializing a new app..." func="main.main()" file="/home/ata/my_project/app/cmd/project/main.go:38"
time="2022-08-05T14:53:48+05:00" level=info msg="initializing postgres config..." func="main.main()" file="/home/ata/my_project/app/cmd/project/main.go:18"
time="2022-08-05T14:53:48+05:00" level=info msg="connecting to postgres database..." func="main.main()" file="/home/ata/my_project/app/cmd/project/main.go:21"
time="2022-08-05T14:53:48+05:00" level=info msg="initializing redis config..." func="main.main()" file="/home/ata/my_project/app/cmd/project/main.go:28"
time="2022-08-05T14:53:48+05:00" level=info msg="connecting to redis database..." func="main.main()" file="/home/ata/my_project/app/cmd/project/main.go:31"
time="2022-08-05T14:53:48+05:00" level=info msg="setting up all repository, service, controller..." func="main.main()" file="/home/ata/my_project/app/cmd/project/main.go:34"
time="2022-08-05T14:53:48+05:00" level=info msg="initializing a new app..." func="main.main()" file="/home/ata/my_project/app/cmd/project/main.go:38"
time="2022-08-05T14:54:54+05:00" level=info msg="initializing postgres config..." func="main.main()" file="/home/ata/my_project/app/cmd/project/main.go:18"
time="2022-08-05T14:54:54+05:00" level=info msg="connecting to postgres database..." func="main.main()" file="/home/ata/my_project/app/cmd/project/main.go:21"
time="2022-08-05T14:54:54+05:00" level=info msg="initializing redis config..." func="main.main()" file="/home/ata/my_project/app/cmd/project/main.go:28"
time="2022-08-05T14:54:54+05:00" level=info msg="connecting to redis database..." func="main.main()" file="/home/ata/my_project/app/cmd/project/main.go:31"
time="2022-08-05T14:54:54+05:00" level=info msg="setting up all repository, service, controller..." func="main.main()" file="/home/ata/my_project/app/cmd/project/main.go:34"
time="2022-08-05T14:54:54+05:00" level=info msg="initializing a new app..." func="main.main()" file="/home/ata/my_project/app/cmd/project/main.go:38"
time="2022-08-05T14:55:13+05:00" level=info msg="initializing postgres config..." func="main.main()" file="/home/ata/my_project/app/cmd/project/main.go:18"
time="2022-08-05T14:55:13+05:00" level=info msg="connecting to postgres database..." func="main.main()" file="/home/ata/my_project/app/cmd/project/main.go:21"
time="2022-08-05T14:55:13+05:00" level=info msg="initializing redis config..." func="main.main()" file="/home/ata/my_project/app/cmd/project/main.go:28"
time="2022-08-05T14:55:13+05:00" level=info msg="connecting to redis database..." func="main.main()" file="/home/ata/my_project/app/cmd/project/main.go:31"
time="2022-08-05T14:55:13+05:00" level=info msg="setting up all repository, service, controller..." func="main.main()" file="/home/ata/my_project/app/cmd/project/main.go:34"
time="2022-08-05T14:55:13+05:00" level=info msg="initializing a new app..." func="main.main()" file="/home/ata/my_project/app/cmd/project/main.go:38"
time="2022-08-05T14:56:02+05:00" level=info msg="initializing postgres config..." func="main.main()" file="/home/ata/my_project/app/cmd/project/main.go:18"
time="2022-08-05T14:56:02+05:00" level=info msg="connecting to postgres database..." func="main.main()" file="/home/ata/my_project/app/cmd/project/main.go:21"
time="2022-08-05T14:56:02+05:00" level=info msg="initializing redis config..." func="main.main()" file="/home/ata/my_project/app/cmd/project/main.go:28"
time="2022-08-05T14:56:02+05:00" level=info msg="connecting to redis database..." func="main.main()" file="/home/ata/my_project/app/cmd/project/main.go:31"
time="2022-08-05T14:56:02+05:00" level=info msg="setting up all repository, service, controller..." func="main.main()" file="/home/ata/my_project/app/cmd/project/main.go:34"
time="2022-08-05T14:56:02+05:00" level=info msg="initializing a new app..." func="main.main()" file="/home/ata/my_project/app/cmd/project/main.go:38"
time="2022-08-05T14:56:22+05:00" level=info msg="initializing postgres config..." func="main.main()" file="/home/ata/my_project/app/cmd/project/main.go:18"
time="2022-08-05T14:56:22+05:00" level=info msg="connecting to postgres database..." func="main.main()" file="/home/ata/my_project/app/cmd/project/main.go:21"
time="2022-08-05T14:56:22+05:00" level=info msg="initializing redis config..." func="main.main()" file="/home/ata/my_project/app/cmd/project/main.go:28"
time="2022-08-05T14:56:22+05:00" level=info msg="connecting to redis database..." func="main.main()" file="/home/ata/my_project/app/cmd/project/main.go:31"
time="2022-08-05T14:56:22+05:00" level=info msg="setting up all repository, service, controller..." func="main.main()" file="/home/ata/my_project/app/cmd/project/main.go:34"
time="2022-08-05T14:56:22+05:00" level=info msg="initializing a new app..." func="main.main()" file="/home/ata/my_project/app/cmd/project/main.go:38"
time="2022-08-05T14:56:46+05:00" level=info msg="initializing postgres config..." func="main.main()" file="/home/ata/my_project/app/cmd/project/main.go:18"
time="2022-08-05T14:56:46+05:00" level=info msg="connecting to postgres database..." func="main.main()" file="/home/ata/my_project/app/cmd/project/main.go:21"
time="2022-08-05T14:56:46+05:00" level=info msg="initializing redis config..." func="main.main()" file="/home/ata/my_project/app/cmd/project/main.go:28"
time="2022-08-05T14:56:46+05:00" level=info msg="connecting to redis database..." func="main.main()" file="/home/ata/my_project/app/cmd/project/main.go:31"
time="2022-08-05T14:56:46+05:00" level=info msg="setting up all repository, service, controller..." func="main.main()" file="/home/ata/my_project/app/cmd/project/main.go:34"
time="2022-08-05T14:56:46+05:00" level=info msg="initializing a new app..." func="main.main()" file="/home/ata/my_project/app/cmd/project/main.go:38"
time="2022-08-05T15:18:01+05:00" level=info msg="initializing postgres config..." func="main.main()" file="/home/ata/my_project/app/cmd/project/main.go:18"
time="2022-08-05T15:18:01+05:00" level=info msg="connecting to postgres database..." func="main.main()" file="/home/ata/my_project/app/cmd/project/main.go:21"
time="2022-08-05T15:18:01+05:00" level=info msg="initializing redis config..." func="main.main()" file="/home/ata/my_project/app/cmd/project/main.go:28"
time="2022-08-05T15:18:01+05:00" level=info msg="connecting to redis database..." func="main.main()" file="/home/ata/my_project/app/cmd/project/main.go:31"
time="2022-08-05T15:18:01+05:00" level=info msg="setting up all repository, service, controller..." func="main.main()" file="/home/ata/my_project/app/cmd/project/main.go:34"
time="2022-08-05T15:18:01+05:00" level=info msg="initializing a new app..." func="main.main()" file="/home/ata/my_project/app/cmd/project/main.go:38"
time="2022-08-05T15:56:34+05:00" level=info msg="initializing postgres config..." func="main.main()" file="/home/ata/my_project/app/cmd/project/main.go:18"
time="2022-08-05T15:56:34+05:00" level=info msg="connecting to postgres database..." func="main.main()" file="/home/ata/my_project/app/cmd/project/main.go:21"
time="2022-08-05T15:56:34+05:00" level=info msg="initializing redis config..." func="main.main()" file="/home/ata/my_project/app/cmd/project/main.go:28"
time="2022-08-05T15:56:34+05:00" level=info msg="connecting to redis database..." func="main.main()" file="/home/ata/my_project/app/cmd/project/main.go:31"
time="2022-08-05T15:56:34+05:00" level=info msg="setting up all repository, service, controller..." func="main.main()" file="/home/ata/my_project/app/cmd/project/main.go:34"
time="2022-08-05T15:56:34+05:00" level=info msg="initializing a new app..." func="main.main()" file="/home/ata/my_project/app/cmd/project/main.go:38"
time="2022-08-05T16:00:18+05:00" level=info msg="initializing postgres config..." func="main.main()" file="/home/ata/my_project/app/cmd/project/main.go:18"
time="2022-08-05T16:00:18+05:00" level=info msg="connecting to postgres database..." func="main.main()" file="/home/ata/my_project/app/cmd/project/main.go:21"
time="2022-08-05T16:00:18+05:00" level=info msg="initializing redis config..." func="main.main()" file="/home/ata/my_project/app/cmd/project/main.go:28"
time="2022-08-05T16:00:18+05:00" level=info msg="connecting to redis database..." func="main.main()" file="/home/ata/my_project/app/cmd/project/main.go:31"
time="2022-08-05T16:00:18+05:00" level=info msg="setting up all repository, service, controller..." func="main.main()" file="/home/ata/my_project/app/cmd/project/main.go:34"
time="2022-08-05T16:00:18+05:00" level=info msg="initializing a new app..." func="main.main()" file="/home/ata/my_project/app/cmd/project/main.go:38"
time="2022-08-05T16:00:27+05:00" level=info msg="initializing postgres config..." func="main.main()" file="/home/ata/my_project/app/cmd/project/main.go:18"
time="2022-08-05T16:00:27+05:00" level=info msg="connecting to postgres database..." func="main.main()" file="/home/ata/my_project/app/cmd/project/main.go:21"
time="2022-08-05T16:00:27+05:00" level=info msg="initializing redis config..." func="main.main()" file="/home/ata/my_project/app/cmd/project/main.go:28"
time="2022-08-05T16:00:27+05:00" level=info msg="connecting to redis database..." func="main.main()" file="/home/ata/my_project/app/cmd/project/main.go:31"
time="2022-08-05T16:00:27+05:00" level=info msg="setting up all repository, service, controller..." func="main.main()" file="/home/ata/my_project/app/cmd/project/main.go:34"
time="2022-08-05T16:00:27+05:00" level=info msg="initializing a new app..." func="main.main()" file="/home/ata/my_project/app/cmd/project/main.go:38"
time="2022-08-05T16:03:37+05:00" level=info msg="initializing postgres config..." func="main.main()" file="/home/ata/my_project/app/cmd/project/main.go:18"
time="2022-08-05T16:03:37+05:00" level=info msg="connecting to postgres database..." func="main.main()" file="/home/ata/my_project/app/cmd/project/main.go:21"
time="2022-08-05T16:03:37+05:00" level=info msg="initializing redis config..." func="main.main()" file="/home/ata/my_project/app/cmd/project/main.go:28"
time="2022-08-05T16:03:37+05:00" level=info msg="connecting to redis database..." func="main.main()" file="/home/ata/my_project/app/cmd/project/main.go:31"
time="2022-08-05T16:03:37+05:00" level=info msg="setting up all repository, service, controller..." func="main.main()" file="/home/ata/my_project/app/cmd/project/main.go:34"
time="2022-08-05T16:03:37+05:00" level=info msg="initializing a new app..." func="main.main()" file="/home/ata/my_project/app/cmd/project/main.go:38"
time="2022-08-05T16:04:27+05:00" level=info msg="initializing postgres config..." func="main.main()" file="/home/ata/my_project/app/cmd/project/main.go:18"
time="2022-08-05T16:04:27+05:00" level=info msg="connecting to postgres database..." func="main.main()" file="/home/ata/my_project/app/cmd/project/main.go:21"
time="2022-08-05T16:04:27+05:00" level=info msg="initializing redis config..." func="main.main()" file="/home/ata/my_project/app/cmd/project/main.go:28"
time="2022-08-05T16:04:27+05:00" level=info msg="connecting to redis database..." func="main.main()" file="/home/ata/my_project/app/cmd/project/main.go:31"
time="2022-08-05T16:04:27+05:00" level=info msg="setting up all repository, service, controller..." func="main.main()" file="/home/ata/my_project/app/cmd/project/main.go:34"
time="2022-08-05T16:04:27+05:00" level=info msg="initializing a new app..." func="main.main()" file="/home/ata/my_project/app/cmd/project/main.go:38"
time="2022-08-05T16:08:02+05:00" level=info msg="initializing postgres config..." func="main.main()" file="/home/ata/my_project/app/cmd/project/main.go:18"
time="2022-08-05T16:08:02+05:00" level=info msg="connecting to postgres database..." func="main.main()" file="/home/ata/my_project/app/cmd/project/main.go:21"
time="2022-08-05T16:08:02+05:00" level=info msg="initializing redis config..." func="main.main()" file="/home/ata/my_project/app/cmd/project/main.go:28"
time="2022-08-05T16:08:02+05:00" level=info msg="connecting to redis database..." func="main.main()" file="/home/ata/my_project/app/cmd/project/main.go:31"
time="2022-08-05T16:08:02+05:00" level=info msg="setting up all repository, service, controller..." func="main.main()" file="/home/ata/my_project/app/cmd/project/main.go:34"
time="2022-08-05T16:08:02+05:00" level=info msg="initializing a new app..." func="main.main()" file="/home/ata/my_project/app/cmd/project/main.go:38"
time="2022-08-05T16:08:44+05:00" level=error msg="Method Not Allowed" func="my_project/internal/app.NewApp.func1()" file="/home/ata/my_project/app/internal/app/app.go:25" baseUrl="127.0.0.1:3000/api/role/delete/1" user=
time="2022-08-05T16:22:38+05:00" level=info msg="initializing postgres config..." func="main.main()" file="/home/ata/my_project/app/cmd/project/main.go:18"
time="2022-08-05T16:22:38+05:00" level=info msg="connecting to postgres database..." func="main.main()" file="/home/ata/my_project/app/cmd/project/main.go:21"
time="2022-08-05T16:22:38+05:00" level=info msg="initializing redis config..." func="main.main()" file="/home/ata/my_project/app/cmd/project/main.go:28"
time="2022-08-05T16:22:38+05:00" level=info msg="connecting to redis database..." func="main.main()" file="/home/ata/my_project/app/cmd/project/main.go:31"
time="2022-08-05T16:22:38+05:00" level=info msg="setting up all repository, service, controller..." func="main.main()" file="/home/ata/my_project/app/cmd/project/main.go:34"
time="2022-08-05T16:22:38+05:00" level=info msg="initializing a new app..." func="main.main()" file="/home/ata/my_project/app/cmd/project/main.go:38"
time="2022-08-05T16:22:52+05:00" level=info msg="initializing postgres config..." func="main.main()" file="/home/ata/my_project/app/cmd/project/main.go:18"
time="2022-08-05T16:22:52+05:00" level=info msg="connecting to postgres database..." func="main.main()" file="/home/ata/my_project/app/cmd/project/main.go:21"
time="2022-08-05T16:22:52+05:00" level=info msg="initializing redis config..." func="main.main()" file="/home/ata/my_project/app/cmd/project/main.go:28"
time="2022-08-05T16:22:52+05:00" level=info msg="connecting to redis database..." func="main.main()" file="/home/ata/my_project/app/cmd/project/main.go:31"
time="2022-08-05T16:22:52+05:00" level=info msg="setting up all repository, service, controller..." func="main.main()" file="/home/ata/my_project/app/cmd/project/main.go:34"
time="2022-08-05T16:22:52+05:00" level=info msg="initializing a new app..." func="main.main()" file="/home/ata/my_project/app/cmd/project/main.go:38"
time="2022-08-05T16:24:50+05:00" level=info msg="initializing postgres config..." func="main.main()" file="/home/ata/my_project/app/cmd/project/main.go:18"
time="2022-08-05T16:24:50+05:00" level=info msg="connecting to postgres database..." func="main.main()" file="/home/ata/my_project/app/cmd/project/main.go:21"
time="2022-08-05T16:24:50+05:00" level=info msg="initializing redis config..." func="main.main()" file="/home/ata/my_project/app/cmd/project/main.go:28"
time="2022-08-05T16:24:50+05:00" level=info msg="connecting to redis database..." func="main.main()" file="/home/ata/my_project/app/cmd/project/main.go:31"
time="2022-08-05T16:24:50+05:00" level=info msg="setting up all repository, service, controller..." func="main.main()" file="/home/ata/my_project/app/cmd/project/main.go:34"
time="2022-08-05T16:24:50+05:00" level=info msg="initializing a new app..." func="main.main()" file="/home/ata/my_project/app/cmd/project/main.go:38"
time="2022-08-05T16:25:46+05:00" level=info msg="initializing postgres config..." func="main.main()" file="/home/ata/my_project/app/cmd/project/main.go:18"
time="2022-08-05T16:25:46+05:00" level=info msg="connecting to postgres database..." func="main.main()" file="/home/ata/my_project/app/cmd/project/main.go:21"
time="2022-08-05T16:25:46+05:00" level=info msg="initializing redis config..." func="main.main()" file="/home/ata/my_project/app/cmd/project/main.go:28"
time="2022-08-05T16:25:46+05:00" level=info msg="connecting to redis database..." func="main.main()" file="/home/ata/my_project/app/cmd/project/main.go:31"
time="2022-08-05T16:25:46+05:00" level=info msg="setting up all repository, service, controller..." func="main.main()" file="/home/ata/my_project/app/cmd/project/main.go:34"
time="2022-08-05T16:25:46+05:00" level=info msg="initializing a new app..." func="main.main()" file="/home/ata/my_project/app/cmd/project/main.go:38"
time="2022-08-05T16:26:13+05:00" level=info msg="initializing postgres config..." func="main.main()" file="/home/ata/my_project/app/cmd/project/main.go:18"
time="2022-08-05T16:26:13+05:00" level=info msg="connecting to postgres database..." func="main.main()" file="/home/ata/my_project/app/cmd/project/main.go:21"
time="2022-08-05T16:26:13+05:00" level=info msg="initializing redis config..." func="main.main()" file="/home/ata/my_project/app/cmd/project/main.go:28"
time="2022-08-05T16:26:13+05:00" level=info msg="connecting to redis database..." func="main.main()" file="/home/ata/my_project/app/cmd/project/main.go:31"
time="2022-08-05T16:26:13+05:00" level=info msg="setting up all repository, service, controller..." func="main.main()" file="/home/ata/my_project/app/cmd/project/main.go:34"
time="2022-08-05T16:26:13+05:00" level=info msg="initializing a new app..." func="main.main()" file="/home/ata/my_project/app/cmd/project/main.go:38"
time="2022-08-05T16:27:19+05:00" level=info msg="initializing postgres config..." func="main.main()" file="/home/ata/my_project/app/cmd/project/main.go:18"
time="2022-08-05T16:27:19+05:00" level=info msg="connecting to postgres database..." func="main.main()" file="/home/ata/my_project/app/cmd/project/main.go:21"
time="2022-08-05T16:27:19+05:00" level=info msg="initializing redis config..." func="main.main()" file="/home/ata/my_project/app/cmd/project/main.go:28"
time="2022-08-05T16:27:19+05:00" level=info msg="connecting to redis database..." func="main.main()" file="/home/ata/my_project/app/cmd/project/main.go:31"
time="2022-08-05T16:27:19+05:00" level=info msg="setting up all repository, service, controller..." func="main.main()" file="/home/ata/my_project/app/cmd/project/main.go:34"
time="2022-08-05T16:27:19+05:00" level=info msg="initializing a new app..." func="main.main()" file="/home/ata/my_project/app/cmd/project/main.go:38"
time="2022-08-05T17:19:16+05:00" level=info msg="initializing postgres config..." func="main.main()" file="/home/ata/my_project/app/cmd/project/main.go:18"
time="2022-08-05T17:19:16+05:00" level=info msg="connecting to postgres database..." func="main.main()" file="/home/ata/my_project/app/cmd/project/main.go:21"
time="2022-08-05T17:19:16+05:00" level=info msg="initializing redis config..." func="main.main()" file="/home/ata/my_project/app/cmd/project/main.go:28"
time="2022-08-05T17:19:16+05:00" level=info msg="connecting to redis database..." func="main.main()" file="/home/ata/my_project/app/cmd/project/main.go:31"
time="2022-08-05T17:19:16+05:00" level=info msg="setting up all repository, service, controller..." func="main.main()" file="/home/ata/my_project/app/cmd/project/main.go:34"
time="2022-08-05T17:19:16+05:00" level=info msg="initializing a new app..." func="main.main()" file="/home/ata/my_project/app/cmd/project/main.go:38"
